<?xml version="1.0" encoding="UTF-8"?>
<testsuite xmlns:xsi="http://www.w3.org/2001/XMLSchema-instance" xsi:noNamespaceSchemaLocation="https://maven.apache.org/surefire/maven-surefire-plugin/xsd/surefire-test-report.xsd" version="3.0.2" name="com.example.lal.service.impl.UserServiceImplTest" time="0.103" tests="14" errors="0" skipped="0" failures="0">
  <properties>
[...]
</properties>
  <testcase name="addAdmin_success" classname="com.example.lal.service.impl.UserServiceImplTest" time="0.07"/>
  <testcase name="authenticateUser_invalidCredentials" classname="com.example.lal.service.impl.UserServiceImplTest" time="0.003"/>
  <testcase name="getUserInfo_userNotFound" classname="com.example.lal.service.impl.UserServiceImplTest" time="0.002"/>
  <testcase name="updateAccountInfo_userNotFound" classname="com.example.lal.service.impl.UserServiceImplTest" time="0.002"/>
  <testcase name="addUser_emailExists" classname="com.example.lal.service.impl.UserServiceImplTest" time="0.003"/>
  <testcase name="updateAccountInfo_success" classname="com.example.lal.service.impl.UserServiceImplTest" time="0.002"/>
  <testcase name="authenticateUser_success" classname="com.example.lal.service.impl.UserServiceImplTest" time="0.002"/>
  <testcase name="addAdmin_emailExists" classname="com.example.lal.service.impl.UserServiceImplTest" time="0.002"/>
  <testcase name="addUserOnline_success" classname="com.example.lal.service.impl.UserServiceImplTest" time="0.002"/>
  <testcase name="deleteAccount_success" classname="com.example.lal.service.impl.UserServiceImplTest" time="0.002"/>
  <testcase name="getUserInfo_success" classname="com.example.lal.service.impl.UserServiceImplTest" time="0.002"/>
  <testcase name="addUserOnline_dataIntegrityViolation" classname="com.example.lal.service.impl.UserServiceImplTest" time="0.002"/>
  <testcase name="addUser_success" classname="com.example.lal.service.impl.UserServiceImplTest" time="0.002"/>
  <testcase name="deleteAccount_userNotFound" classname="com.example.lal.service.impl.UserServiceImplTest" time="0.001"/>
</testsuite>