<?xml version="1.0" encoding="UTF-8"?>
<testsuite xmlns:xsi="http://www.w3.org/2001/XMLSchema-instance" xsi:noNamespaceSchemaLocation="https://maven.apache.org/surefire/maven-surefire-plugin/xsd/surefire-test-report-3.0.xsd" version="3.0" name="com.example.lal.service.impl.ResourceServiceImplTest" time="2.213" tests="28" errors="0" skipped="0" failures="0">
  <properties>
[...]
</properties>
  <testcase name="searchResource_withKeywords" classname="com.example.lal.service.impl.ResourceServiceImplTest" time="1.908">
    <system-out><![CDATA[keywords:math
]]></system-out>
    <system-err><![CDATA[WARNING: A Java agent has been loaded dynamically (C:\Users\adrie\.m2\repository\net\bytebuddy\byte-buddy-agent\1.12.23\byte-buddy-agent-1.12.23.jar)
WARNING: If a serviceability tool is in use, please run with -XX:+EnableDynamicAgentLoading to hide this warning
WARNING: If a serviceability tool is not in use, please run with -Djdk.instrument.traceUsage for more information
WARNING: Dynamic loading of agents will be disallowed by default in a future release
]]></system-err>
  </testcase>
  <testcase name="getResourceSummary_nullSummary" classname="com.example.lal.service.impl.ResourceServiceImplTest" time="0.01"/>
  <testcase name="updateResourceCategories_null" classname="com.example.lal.service.impl.ResourceServiceImplTest" time="0.004"/>
  <testcase name="getResourceSummaryListRandom_success" classname="com.example.lal.service.impl.ResourceServiceImplTest" time="0.006"/>
  <testcase name="addResource_success" classname="com.example.lal.service.impl.ResourceServiceImplTest" time="0.033"/>
  <testcase name="getResourceCountBySubject_zero" classname="com.example.lal.service.impl.ResourceServiceImplTest" time="0.004"/>
  <testcase name="getResourceSummaryByClassWithPage_empty" classname="com.example.lal.service.impl.ResourceServiceImplTest" time="0.004"/>
  <testcase name="deleteResource_success" classname="com.example.lal.service.impl.ResourceServiceImplTest" time="0.004"/>
  <testcase name="getAllResourceCount_zero" classname="com.example.lal.service.impl.ResourceServiceImplTest" time="0.003"/>
  <testcase name="getResourceNumByCategoryAndSubject_positive" classname="com.example.lal.service.impl.ResourceServiceImplTest" time="0.004"/>
  <testcase name="searchResource_withoutKeywords" classname="com.example.lal.service.impl.ResourceServiceImplTest" time="0.004">
    <system-out><![CDATA[keywords:
]]></system-out>
  </testcase>
  <testcase name="getResourceDetail_success" classname="com.example.lal.service.impl.ResourceServiceImplTest" time="0.06">
    <system-out><![CDATA[ResourceDetail(id=7, userId=$1, username=Alice, profilePhotoUrl=/u.png, title=null, subject=0, categories=[3, 4], publishTime=null, content=null, fileName=x.pdf, imageUrl=null, path=null, downloadCount=0, size=0, canDelete=false, canModify=false, canDownload=false)
]]></system-out>
  </testcase>
  <testcase name="getResourceSummaryListRandom_empty" classname="com.example.lal.service.impl.ResourceServiceImplTest" time="0.003"/>
  <testcase name="deleteResource_invalidId" classname="com.example.lal.service.impl.ResourceServiceImplTest" time="0.005"/>
  <testcase name="updateResourceDetail_success" classname="com.example.lal.service.impl.ResourceServiceImplTest" time="0.004"/>
  <testcase name="getResourceSummaryByClassWithPage_success" classname="com.example.lal.service.impl.ResourceServiceImplTest" time="0.017"/>
  <testcase name="getResourceSummaryByUserIdWithPage_empty" classname="com.example.lal.service.impl.ResourceServiceImplTest" time="0.004"/>
  <testcase name="updateResourceCategories_normal" classname="com.example.lal.service.impl.ResourceServiceImplTest" time="0.027"/>
  <testcase name="getAllResourceCount_positive" classname="com.example.lal.service.impl.ResourceServiceImplTest" time="0.004"/>
  <testcase name="getResourceSummaryByUserIdWithPage_success" classname="com.example.lal.service.impl.ResourceServiceImplTest" time="0.005">
    <system-out><![CDATA[5
6
]]></system-out>
  </testcase>
  <testcase name="getResourceDetail_notFound" classname="com.example.lal.service.impl.ResourceServiceImplTest" time="0.005">
    <system-err><![CDATA[null resource detail
]]></system-err>
  </testcase>
  <testcase name="addResource_mapperThrows" classname="com.example.lal.service.impl.ResourceServiceImplTest" time="0.007"/>
  <testcase name="getResourceCountByTime_positive" classname="com.example.lal.service.impl.ResourceServiceImplTest" time="0.004"/>
  <testcase name="getResourceSummary_success" classname="com.example.lal.service.impl.ResourceServiceImplTest" time="0.004"/>
  <testcase name="getResourceCountByTime_zero" classname="com.example.lal.service.impl.ResourceServiceImplTest" time="0.003"/>
  <testcase name="getResourceNumByCategoryAndSubject_zero" classname="com.example.lal.service.impl.ResourceServiceImplTest" time="0.004"/>
  <testcase name="getResourceCountBySubject_positive" classname="com.example.lal.service.impl.ResourceServiceImplTest" time="0.002"/>
  <testcase name="updateResourceDetail_mapperThrows" classname="com.example.lal.service.impl.ResourceServiceImplTest" time="0.005"/>
</testsuite>