<?xml version="1.0" encoding="UTF-8"?>
<testsuite xmlns:xsi="http://www.w3.org/2001/XMLSchema-instance" xsi:noNamespaceSchemaLocation="https://maven.apache.org/surefire/maven-surefire-plugin/xsd/surefire-test-report.xsd" name="com.example.lal.Controller.StatisticControllerTest" time="4.102" tests="7" errors="0" skipped="0" failures="2">
  <properties>
[...]
</properties>
  <testcase name="testHotPostByDays_Positive" classname="com.example.lal.Controller.StatisticControllerTest" time="0.244"/>
  <testcase name="testGetOverallFigure_Positive" classname="com.example.lal.Controller.StatisticControllerTest" time="0.004"/>
  <testcase name="testResourceDownloadsByDays_Positive" classname="com.example.lal.Controller.StatisticControllerTest" time="0.007"/>
  <testcase name="testGetOverallFigure_Unauthorized" classname="com.example.lal.Controller.StatisticControllerTest" time="0.001"/>
  <testcase name="testUserRegisterCountByDays_Positive" classname="com.example.lal.Controller.StatisticControllerTest" time="0"/>
  <testcase name="testResourceClassificationStatistics_Positive" classname="com.example.lal.Controller.StatisticControllerTest" time="0.025">
    <failure message="expected: &lt;2&gt; but was: &lt;6&gt;" type="org.opentest4j.AssertionFailedError"><![CDATA[org.opentest4j.AssertionFailedError: expected: <2> but was: <6>
	at com.example.lal.Controller.StatisticControllerTest.testResourceClassificationStatistics_Positive(StatisticControllerTest.java:88)
]]></failure>
  </testcase>
  <testcase name="testResourceCountBySubject_Positive" classname="com.example.lal.Controller.StatisticControllerTest" time="0.003">
    <failure message="expected: &lt;3&gt; but was: &lt;10&gt;" type="org.opentest4j.AssertionFailedError"><![CDATA[org.opentest4j.AssertionFailedError: expected: <3> but was: <10>
	at com.example.lal.Controller.StatisticControllerTest.testResourceCountBySubject_Positive(StatisticControllerTest.java:115)
]]></failure>
  </testcase>
</testsuite>